       0       12.527983
       1       33.909646
       2       29.330074
       3         34.3816
       4       42.367482
       5       62.072432
       6       58.018575
       7       60.667454
       8       82.741195
       9       66.146057
      10       49.301826
      11       40.311365
      12       17.681275
      13       29.465588
      14       27.310314
      15       45.161485
      16       45.571953
      17       54.368184
      18       58.040456
      19       53.744711
      20       67.925376
      21       83.010983
      22       78.952183
      23       99.686585
      24       104.42467
      25       103.01297
      26       120.66336
      27       120.28189
      28       121.97949
      29       119.93519
      30       118.90225
      31       112.59745
      32       103.61216
      33       76.072478
      34       94.002946
      35       85.766173
      36        71.95187
      37       44.852994
      38       31.779197
      39       18.336694
      40        35.35302
      41        51.18823
      42       48.977529
      43       46.546345
      44       54.440924
      45       71.332837
      46       79.839643
      47       87.578844
      48       103.10159
      49       96.245678
      50       79.834956
      51       65.748765
      52       81.647633
      53       100.33336
      54       91.093982
      55       105.31528
      56       97.209137
      57       80.379665
      58       72.178062
      59       84.453009
      60       78.501885
      61       81.714165
      62       96.255817
      63       103.57006
      64       103.33422
      65       91.085252
      66       101.92857
      67       105.08832
      68       102.76696
      69       96.012547
      70       101.74434
      71       78.755316
      72       83.585425
      73       93.525217
      74       93.082929
      75       98.410148
      76       99.775136
      77       96.417312
      78       83.074008
      79       72.371495
      80       70.479043
      81       47.652711
      82       51.974407
      83       55.849106
      84       51.014246
      85       51.439981
      86        48.54298
      87       44.088227
      88       34.478229
      89       41.911385
      90       50.934189
      91       79.146361
      92       97.815878
      93       92.697298
      94       93.871612
      95       90.923993
      96        92.62656
      97       99.699929
      98       98.212177
      99       84.469431
     100       69.075522
     101       62.406924
     102       75.146665
     103       83.433542
     104       70.273197
     105       60.837313
     106       48.824153
     107       58.625251
     108       82.003605
     109        67.12975
     110       54.188429
     111       31.713715
     112       10.818983
     113       25.232647
     114       48.960923
     115       46.988516
     116       55.248019
     117       42.464618
     118       66.331292
     119       82.414823
     120       95.573042
     121       108.93569
     122       94.389441
     123       91.908149
     124       106.47607
     125       71.936804
     126       91.469564
     127       90.848033
     128        85.66789
     129       94.393681
     130       96.059955
     131       102.40308
     132       122.83406
     133       131.15997
     134        153.0041
     135       147.25097
     136       140.77172
     137       136.90186
     138        137.7913
     139        133.5013
     140       147.88302
     141       155.80692
     142       166.91652
     143       146.83263
     144        143.4849
     145       144.88342
     146       145.57966
     147       162.23242
     148       177.35894
     149       175.41349
     150        180.4116
     151       189.46261
     152       171.13157
     153       146.99898
     154       156.23834
     155       136.23017
     156       148.68385
     157       173.33361
     158       189.35903
     159       201.64867
     160       198.25737
     161       221.14101
     162       222.40594
     163       205.38666
     164       209.32034
     165       190.87549
     166       170.55437
     167       168.15863
     168       186.39972
     169       186.29844
     170        153.7999
     171       143.78379
     172        156.3163
     173       171.54802
     174       189.42007
     175       174.60907
     176       167.46428
     177       178.55108
     178       180.95459
     179       179.74963
     180       211.37074
     181       213.47561
     182       198.98942
     183       208.86783
     184       220.51691
     185       219.06731
     186       227.51471
     187       199.26448
     188       202.34422
     189       198.66718
     190       182.54393
     191       184.40289
     192       199.27283
     193       190.97902
     194       197.99127
     195         199.214
     196       210.57565
     197       205.22024
     198        202.0255
     199       205.28981
     200       180.74436
     201       171.97044
     202       189.08466
     203        183.2418
     204       187.75393
     205       190.23943
     206       196.17016
     207       191.40622
     208        186.3926
     209       205.39053
     210       212.20453
     211       220.56683
     212       241.52952
     213       237.06262
     214       243.62801
     215       239.02934
     216        247.4855
     217       247.58382
     218          263.59
     219       269.26949
     220        275.7102
     221        305.5037
     222       319.32322
     223       334.05383
     224       339.52236
     225       337.01293
     226       319.56449
     227       315.99696
     228       321.65846
     229       325.63248
     230       330.57002
     231       304.65483
     232       305.88994
     233       297.43379
     234        295.5039
     235       291.70368
     236        315.2944
     237       304.10753
     238        306.5072
     239       299.44535
     240       275.85177
     241       284.83985
     242       303.05498
     243       298.07115
     244       275.29009
     245       273.02188
     246       278.76184
     247       293.70989
     248       306.34618
     249        307.2399
     250       299.51037
     251       293.23562
     252       299.47768
     253       293.11576
     254       298.47292
     255       331.08402
     256       352.86886
     257       365.40019
     258       373.08318
     259       379.06462
     260       382.91764
     261       407.59746
     262       421.24812
     263       430.12568
     264       410.17386
     265       383.02646
     266       367.79012
     267        368.8252
     268       355.58987
     269       341.60032
     270       310.25226
     271       290.79665
     272       302.86321
     273       303.66295
     274       296.82738
     275       308.44085
     276       319.25343
     277       360.32568
     278       357.67812
     279       357.80554
     280       373.41628
     281       376.44168
     282        370.9208
     283       373.70321
     284       345.62665
     285        332.3233
     286       325.70269
     287       321.39781
     288       312.77351
     289       330.41008
     290       336.12036
     291       311.43332
     292       312.49273
     293       303.63363
     294       300.19094
     295       322.90938
     296       340.33187
     297         360.596
     298        380.8341
     299       375.49384
     300       361.83798
     301       351.26715
     302       338.48295
     303       335.97008
     304       327.61737
     305       320.02085
     306       315.70076
     307        321.8175
     308       328.44451
     309       338.26301
     310       346.21395
     311       336.44887
     312       355.64099
     313       358.16788
     314       350.06116
     315        333.2044
     316       335.09474
     317        318.4912
     318       319.41942
     319       322.98863
     320       335.70566
     321       351.23468
     322       349.65202
     323       359.57782
     324        369.2899
     325       378.36031
     326       384.90428
     327       398.17228
     328       413.73596
     329       429.11883
     330       439.58966
     331       440.20711
     332       419.56395
     333       452.79693
     334       467.51046
     335       480.89744
     336       482.88302
     337       470.97402
     338       488.55058
     339       516.39306
     340       515.24211
     341       527.46789
     342       496.57805
     343       501.00532
     344       504.47819
     345       507.41736
     346       513.58424
     347       500.35401
     348       483.93462
     349       495.86704
     350       504.66854
     351       493.94609
     352       452.99158
     353       439.13609
     354       446.08251
     355       452.30115
     356       465.01917
     357       464.17548
     358       461.49165
     359       445.92805
     360        426.1333
     361       398.86378
     362        393.6261
     363       381.51603
     364       367.42801
     365         351.777
     366       364.55519
     367       375.15787
     368       373.99928
     369       388.62488
     370       380.87629
     371       381.63038
     372       381.79794
     373       373.11742
     374       394.70297
     375       409.67827
     376       407.64605
     377       391.78433
     378       389.40636
     379       400.34923
     380       408.85049
     381        421.0963
     382       424.17832
     383       413.44605
     384       425.07121
     385       433.03038
     386       460.19364
     387       474.12224
     388       471.53647
     389       447.17495
     390       447.20496
     391       443.83201
     392       435.93428
     393       443.25196
     394       442.82244
     395       450.54536
     396       445.33186
     397        421.1071
     398       418.41211
     399       409.37622
     400       427.26902
     401       422.45265
     402       407.16422
     403       390.60165
     404       403.83575
     405        403.6669
     406        373.7816
     407       391.78625
     408       404.71538
     409       392.98526
     410       390.47889
     411       389.09302
     412        392.1253
     413       388.16922
     414       373.23336
     415       372.65918
     416        367.8059
     417       369.08084
     418       365.29991
     419       352.08386
     420       360.38917
     421       375.09951
     422       389.09623
     423       393.76145
     424       396.19847
     425       384.12655
     426       377.20811
     427        357.6608
     428       348.92245
     429       343.90255
     430       363.51353
     431       350.24057
     432       335.54006
     433       335.45094
     434       332.29432
     435       329.89423
     436       339.55663
     437       350.19195
     438       338.83385
     439       354.36907
     440       356.26045
     441        373.2774
     442       352.45246
     443       342.10664
     444        335.6994
     445       320.39085
     446       326.09082
     447       322.70296
     448       343.32583
     449       329.72201
     450       331.41544
     451       325.74919
     452       341.10159
     453       327.63552
     454       319.37096
     455       318.14113
     456       342.17525
     457       347.37506
     458       345.53574
     459       353.63322
     460       350.67994
     461       354.03505
     462       359.86501
     463       352.50849
     464        344.3044
     465       338.84454
     466       326.33978
     467        322.1823
     468       340.14325
     469       350.60848
     470       356.88842
     471       356.64267
     472       387.71697
     473       396.30304
     474       384.65419
     475       374.38233
     476       393.58288
     477        410.0563
     478       425.41488
     479       418.86033
     480       433.83167
     481       420.60906
     482       430.21494
     483       433.60801
     484       440.17091
     485       419.78049
     486       400.81779
     487       403.34749
     488       400.58149
     489       411.66972
     490       423.20778
     491       438.15055
     492       431.50232
     493       411.56668
     494       408.78336
     495       400.11768
     496        394.2983
     497       400.90009
     498       410.31115
     499       400.16397
